1592834824659	mozrunner::runner	INFO	Running command: "C:\\Program Files\\Mozilla Firefox\\firefox.exe" "-marionette" "-foreground" "-no-remote" "-profile" "C:\\Users\\Usuario\\AppData\\Local\\Temp\\rust_mozprofile49gLOQ"
JavaScript error: resource://gre/modules/XULStore.jsm, line 66: Error: Can't find profile directory.
JavaScript error: resource://gre/modules/NetworkGeolocationProvider.jsm, line 555: TypeError: xhr.response.location is undefined
1592834855219	Marionette	INFO	Listening on port 60329
1592834855620	Marionette	WARN	TLS certificate errors will be ignored for this session
1592834893976	Marionette	INFO	Stopped listening on port 60329

###!!! [Parent][MessageChannel] Error: (msgtype=0xA000D,name=PBackgroundIDBDatabase::Msg_Invalidate) Channel error: cannot send/recv


###!!! [Parent][MessageChannel] Error: (msgtype=0xA000E,name=PBackgroundIDBDatabase::Msg_CloseAfterInvalidationComplete) Channel error: cannot send/recv


###!!! [Child][RunMessage] Error: Channel closing: too late to send/recv, messages will be lost


###!!! [Child][MessageChannel::SendAndWait] Error: Channel error: cannot send/recv

1592836780642	mozrunner::runner	INFO	Running command: "C:\\Program Files\\Mozilla Firefox\\firefox.exe" "-marionette" "-foreground" "-no-remote" "-profile" "C:\\Users\\Usuario\\AppData\\Local\\Temp\\rust_mozprofileEm0gqw"
JavaScript error: resource://gre/modules/XULStore.jsm, line 66: Error: Can't find profile directory.
[Parent 13848, Gecko_IOThread] WARNING: file /builds/worker/checkouts/gecko/ipc/chromium/src/base/process_util_win.cc, line 166
1592836802624	Marionette	INFO	Listening on port 61533
JavaScript error: resource://gre/modules/NetworkGeolocationProvider.jsm, line 555: TypeError: xhr.response.location is undefined
1592836803187	Marionette	WARN	TLS certificate errors will be ignored for this session
1592836812529	Marionette	WARN	TimedPromise timed out after 500 ms: stacktrace:
TimedPromise/<@chrome://marionette/content/sync.js:245:13
TimedPromise@chrome://marionette/content/sync.js:230:10
interaction.flushEventLoop@chrome://marionette/content/interaction.js:416:10
webdriverClickElement@chrome://marionette/content/interaction.js:182:31
send@https://opensource-demo.orangehrmlive.com/webres_5ebd1457b45137.49759927/js/jquery/jquery-3.4.1.min.js:2:81476
ajax@https://opensource-demo.orangehrmlive.com/webres_5ebd1457b45137.49759927/js/jquery/jquery-3.4.1.min.js:2:77295
k._evalUrl@https://opensource-demo.orangehrmlive.com/webres_5ebd1457b45137.49759927/js/jquery/jquery-3.4.1.min.js:2:79350
Ie@https://opensource-demo.orangehrmlive.com/webres_5ebd1457b45137.49759927/js/jquery/jquery-3.4.1.min.js:2:48088
append@https://opensource-demo.orangehrmlive.com/webres_5ebd1457b45137.49759927/js/jquery/jquery-3.4.1.min.js:2:49520
html/<@https://opensource-demo.orangehrmlive.com/webres_5ebd1457b45137.49759927/js/jquery/jquery-3.4.1.min.js:2:50612
_@https://opensource-demo.orangehrmlive.com/webres_5ebd1457b45137.49759927/js/jquery/jquery-3.4.1.min.js:2:31840
html@https://opensource-demo.orangehrmlive.com/webres_5ebd1457b45137.49759927/js/jquery/jquery-3.4.1.min.js:2:50290
success@https://opensource-demo.orangehrmlive.com/index.php/dashboard:1172:36
c@https://opensource-demo.orangehrmlive.com/webres_5ebd1457b45137.49759927/js/jquery/jquery-3.4.1.min.js:2:27742
fireWith@https://opensource-demo.orangehrmlive.com/webres_5ebd1457b45137.49759927/js/jquery/jquery-3.4.1.min.js:2:28487
l@https://opensource-demo.orangehrmlive.com/webres_5ebd1457b45137.49759927/js/jquery/jquery-3.4.1.min.js:2:78789
o/<@https://opensource-demo.orangehrmlive.com/webres_5ebd1457b45137.49759927/js/jquery/jquery-3.4.1.min.js:2:81117
1592836812735	Marionette	INFO	Stopped listening on port 61533
[Parent 13848, Gecko_IOThread] WARNING: file /builds/worker/checkouts/gecko/ipc/chromium/src/base/process_util_win.cc, line 166

###!!! [Child][RunMessage] Error: Channel closing: too late to send/recv, messages will be lost


###!!! [Child][MessageChannel::SendAndWait] Error: (msgtype=0x5E0005,name=PImageBridge::Msg_WillClose) Channel error: cannot send/recv

1592837032533	mozrunner::runner	INFO	Running command: "C:\\Program Files\\Mozilla Firefox\\firefox.exe" "-marionette" "-foreground" "-no-remote" "-profile" "C:\\Users\\Usuario\\AppData\\Local\\Temp\\rust_mozprofilecpA2eY"
JavaScript error: resource://gre/modules/XULStore.jsm, line 66: Error: Can't find profile directory.
1592837042570	Marionette	INFO	Listening on port 61689
[Parent 17304, Gecko_IOThread] WARNING: file /builds/worker/checkouts/gecko/ipc/chromium/src/base/process_util_win.cc, line 166
1592837043734	Marionette	WARN	TLS certificate errors will be ignored for this session
1592837056160	Marionette	WARN	TimedPromise timed out after 500 ms: stacktrace:
TimedPromise/<@chrome://marionette/content/sync.js:245:13
TimedPromise@chrome://marionette/content/sync.js:230:10
interaction.flushEventLoop@chrome://marionette/content/interaction.js:416:10
webdriverClickElement@chrome://marionette/content/interaction.js:182:31
send@https://opensource-demo.orangehrmlive.com/webres_5ebd1457b45137.49759927/js/jquery/jquery-3.4.1.min.js:2:81476
ajax@https://opensource-demo.orangehrmlive.com/webres_5ebd1457b45137.49759927/js/jquery/jquery-3.4.1.min.js:2:77295
k._evalUrl@https://opensource-demo.orangehrmlive.com/webres_5ebd1457b45137.49759927/js/jquery/jquery-3.4.1.min.js:2:79350
Ie@https://opensource-demo.orangehrmlive.com/webres_5ebd1457b45137.49759927/js/jquery/jquery-3.4.1.min.js:2:48088
append@https://opensource-demo.orangehrmlive.com/webres_5ebd1457b45137.49759927/js/jquery/jquery-3.4.1.min.js:2:49520
html/<@https://opensource-demo.orangehrmlive.com/webres_5ebd1457b45137.49759927/js/jquery/jquery-3.4.1.min.js:2:50612
_@https://opensource-demo.orangehrmlive.com/webres_5ebd1457b45137.49759927/js/jquery/jquery-3.4.1.min.js:2:31840
html@https://opensource-demo.orangehrmlive.com/webres_5ebd1457b45137.49759927/js/jquery/jquery-3.4.1.min.js:2:50290
success@https://opensource-demo.orangehrmlive.com/index.php/dashboard:1172:36
c@https://opensource-demo.orangehrmlive.com/webres_5ebd1457b45137.49759927/js/jquery/jquery-3.4.1.min.js:2:27742
fireWith@https://opensource-demo.orangehrmlive.com/webres_5ebd1457b45137.49759927/js/jquery/jquery-3.4.1.min.js:2:28487
l@https://opensource-demo.orangehrmlive.com/webres_5ebd1457b45137.49759927/js/jquery/jquery-3.4.1.min.js:2:78789
o/<@https://opensource-demo.orangehrmlive.com/webres_5ebd1457b45137.49759927/js/jquery/jquery-3.4.1.min.js:2:81117
1592837056366	Marionette	INFO	Stopped listening on port 61689

###!!! [Child][RunMessage] Error: Channel closing: too late to send/recv, messages will be lost


###!!! [Child][MessageChannel::SendAndWait] Error: (msgtype=0x5E0005,name=PImageBridge::Msg_WillClose) Channel error: cannot send/recv

1592837106486	mozrunner::runner	INFO	Running command: "C:\\Program Files\\Mozilla Firefox\\firefox.exe" "-marionette" "-foreground" "-no-remote" "-profile" "C:\\Users\\Usuario\\AppData\\Local\\Temp\\rust_mozprofileg2Sz7M"
JavaScript error: resource://gre/modules/XULStore.jsm, line 66: Error: Can't find profile directory.
1592837111310	Marionette	INFO	Listening on port 61775
1592837111717	Marionette	WARN	TLS certificate errors will be ignored for this session
1592837118116	Marionette	WARN	TimedPromise timed out after 500 ms: stacktrace:
TimedPromise/<@chrome://marionette/content/sync.js:245:13
TimedPromise@chrome://marionette/content/sync.js:230:10
interaction.flushEventLoop@chrome://marionette/content/interaction.js:416:10
webdriverClickElement@chrome://marionette/content/interaction.js:182:31
send@https://opensource-demo.orangehrmlive.com/webres_5ebd1457b45137.49759927/js/jquery/jquery-3.4.1.min.js:2:81476
ajax@https://opensource-demo.orangehrmlive.com/webres_5ebd1457b45137.49759927/js/jquery/jquery-3.4.1.min.js:2:77295
k._evalUrl@https://opensource-demo.orangehrmlive.com/webres_5ebd1457b45137.49759927/js/jquery/jquery-3.4.1.min.js:2:79350
Ie@https://opensource-demo.orangehrmlive.com/webres_5ebd1457b45137.49759927/js/jquery/jquery-3.4.1.min.js:2:48088
append@https://opensource-demo.orangehrmlive.com/webres_5ebd1457b45137.49759927/js/jquery/jquery-3.4.1.min.js:2:49520
html/<@https://opensource-demo.orangehrmlive.com/webres_5ebd1457b45137.49759927/js/jquery/jquery-3.4.1.min.js:2:50612
_@https://opensource-demo.orangehrmlive.com/webres_5ebd1457b45137.49759927/js/jquery/jquery-3.4.1.min.js:2:31840
html@https://opensource-demo.orangehrmlive.com/webres_5ebd1457b45137.49759927/js/jquery/jquery-3.4.1.min.js:2:50290
success@https://opensource-demo.orangehrmlive.com/index.php/dashboard:1172:36
c@https://opensource-demo.orangehrmlive.com/webres_5ebd1457b45137.49759927/js/jquery/jquery-3.4.1.min.js:2:27742
fireWith@https://opensource-demo.orangehrmlive.com/webres_5ebd1457b45137.49759927/js/jquery/jquery-3.4.1.min.js:2:28487
l@https://opensource-demo.orangehrmlive.com/webres_5ebd1457b45137.49759927/js/jquery/jquery-3.4.1.min.js:2:78789
o/<@https://opensource-demo.orangehrmlive.com/webres_5ebd1457b45137.49759927/js/jquery/jquery-3.4.1.min.js:2:81117
1592837148436	Marionette	INFO	Stopped listening on port 61775
[Parent 15580, Gecko_IOThread] WARNING: file /builds/worker/checkouts/gecko/ipc/chromium/src/base/process_util_win.cc, line 166
[Parent 15580, Gecko_IOThread] WARNING: file /builds/worker/checkouts/gecko/ipc/chromium/src/base/process_util_win.cc, line 166

###!!! [Child][RunMessage] Error: Channel closing: too late to send/recv, messages will be lost


###!!! [Child][MessageChannel::SendAndWait] Error: Channel error: cannot send/recv

